Determining if the pthread_create exist failed with the following output:
Change Dir: /home/vboxuser/nav_tutorial_ws/build/CMakeFiles/CMakeTmp

Run Build Command:"/usr/bin/make" "cmTC_f5286/fast"
/usr/bin/make -f CMakeFiles/cmTC_f5286.dir/build.make CMakeFiles/cmTC_f5286.dir/build
make[1]: Entering directory '/home/vboxuser/nav_tutorial_ws/build/CMakeFiles/CMakeTmp'
Building C object CMakeFiles/cmTC_f5286.dir/CheckSymbolExists.c.o
/usr/bin/cc    -o CMakeFiles/cmTC_f5286.dir/CheckSymbolExists.c.o   -c /home/vboxuser/nav_tutorial_ws/build/CMakeFiles/CMakeTmp/CheckSymbolExists.c
Linking C executable cmTC_f5286
/usr/bin/cmake -E cmake_link_script CMakeFiles/cmTC_f5286.dir/link.txt --verbose=1
/usr/bin/cc      -rdynamic CMakeFiles/cmTC_f5286.dir/CheckSymbolExists.c.o  -o cmTC_f5286 
CMakeFiles/cmTC_f5286.dir/CheckSymbolExists.c.o: In function `main':
CheckSymbolExists.c:(.text+0x1b): undefined reference to `pthread_create'
collect2: error: ld returned 1 exit status
CMakeFiles/cmTC_f5286.dir/build.make:97: recipe for target 'cmTC_f5286' failed
make[1]: *** [cmTC_f5286] Error 1
make[1]: Leaving directory '/home/vboxuser/nav_tutorial_ws/build/CMakeFiles/CMakeTmp'
Makefile:126: recipe for target 'cmTC_f5286/fast' failed
make: *** [cmTC_f5286/fast] Error 2

File /home/vboxuser/nav_tutorial_ws/build/CMakeFiles/CMakeTmp/CheckSymbolExists.c:
/* */
#include <pthread.h>

int main(int argc, char** argv)
{
  (void)argv;
#ifndef pthread_create
  return ((int*)(&pthread_create))[argc];
#else
  (void)argc;
  return 0;
#endif
}

Determining if the function pthread_create exists in the pthreads failed with the following output:
Change Dir: /home/vboxuser/nav_tutorial_ws/build/CMakeFiles/CMakeTmp

Run Build Command:"/usr/bin/make" "cmTC_97bf0/fast"
/usr/bin/make -f CMakeFiles/cmTC_97bf0.dir/build.make CMakeFiles/cmTC_97bf0.dir/build
make[1]: Entering directory '/home/vboxuser/nav_tutorial_ws/build/CMakeFiles/CMakeTmp'
Building C object CMakeFiles/cmTC_97bf0.dir/CheckFunctionExists.c.o
/usr/bin/cc   -DCHECK_FUNCTION_EXISTS=pthread_create   -o CMakeFiles/cmTC_97bf0.dir/CheckFunctionExists.c.o   -c /usr/share/cmake-3.10/Modules/CheckFunctionExists.c
Linking C executable cmTC_97bf0
/usr/bin/cmake -E cmake_link_script CMakeFiles/cmTC_97bf0.dir/link.txt --verbose=1
/usr/bin/cc  -DCHECK_FUNCTION_EXISTS=pthread_create    -rdynamic CMakeFiles/cmTC_97bf0.dir/CheckFunctionExists.c.o  -o cmTC_97bf0 -lpthreads 
/usr/bin/ld: cannot find -lpthreads
collect2: error: ld returned 1 exit status
CMakeFiles/cmTC_97bf0.dir/build.make:97: recipe for target 'cmTC_97bf0' failed
make[1]: *** [cmTC_97bf0] Error 1
make[1]: Leaving directory '/home/vboxuser/nav_tutorial_ws/build/CMakeFiles/CMakeTmp'
Makefile:126: recipe for target 'cmTC_97bf0/fast' failed
make: *** [cmTC_97bf0/fast] Error 2


